Base path: /Applications/Unity/Unity.app/Contents
Pipe name: \\.\pipe\UnityShaderCompiler-64bit-1-1939550976
Cmd: getPlatforms
Cmd: compileSnippet
  api=0 type=0 insize=1683 outsize=1699 kw= ok=1
Cmd: compileSnippet
  api=0 type=1 insize=1683 outsize=6 kw= ok=1
Cmd: preprocess
  insize=219 outsize=219 ok=1
Cmd: preprocess
  insize=2317 outsize=849 ok=1
Cmd: compileSnippet
  api=0 type=0 insize=1770 outsize=1321 kw= ok=1
Cmd: compileSnippet
  api=0 type=1 insize=1770 outsize=6 kw= ok=1
Cmd: preprocess
  insize=1571 outsize=492 ok=1
Cmd: compileSnippet
  api=0 type=0 insize=1381 outsize=1091 kw= ok=1
Cmd: compileSnippet
  api=0 type=1 insize=1381 outsize=6 kw= ok=1
Cmd: preprocess
  insize=2330 outsize=479 ok=1
Cmd: compileSnippet
  api=0 type=0 insize=2154 outsize=1789 kw= ok=1
Cmd: compileSnippet
  api=0 type=1 insize=2154 outsize=6 kw= ok=1
Cmd: preprocess
  insize=1964 outsize=478 ok=1
Cmd: compileSnippet
  api=0 type=0 insize=1788 outsize=1307 kw= ok=1
Cmd: compileSnippet
  api=0 type=1 insize=1788 outsize=6 kw= ok=1
Cmd: preprocess
  insize=480 outsize=480 ok=1
Cmd: preprocess
  insize=2810 outsize=895 ok=1
Cmd: compileSnippet
  api=0 type=0 insize=2219 outsize=1889 kw= ok=1
Cmd: compileSnippet
  api=0 type=1 insize=2219 outsize=6 kw= ok=1
Cmd: preprocess
  insize=2443 outsize=893 ok=1
Cmd: compileSnippet
  api=0 type=0 insize=1852 outsize=1391 kw= ok=1
Cmd: compileSnippet
  api=0 type=1 insize=1852 outsize=6 kw= ok=1
Cmd: preprocess
  insize=1452 outsize=830 ok=1
Cmd: compileSnippet
  api=0 type=0 insize=924 outsize=482 kw= ok=1
Cmd: compileSnippet
  api=0 type=1 insize=924 outsize=6 kw= ok=1
Cmd: preprocess
  insize=2684 outsize=850 ok=1
Cmd: compileSnippet
  api=0 type=0 insize=2137 outsize=1803 kw= ok=1
Cmd: compileSnippet
  api=0 type=1 insize=2137 outsize=6 kw= ok=1
Cmd: preprocess
  insize=1920 outsize=893 ok=1
Cmd: compileSnippet
  api=0 type=0 insize=1329 outsize=918 kw= ok=1
Cmd: compileSnippet
  api=0 type=1 insize=1329 outsize=6 kw= ok=1
Cmd: preprocess
  insize=1428 outsize=478 ok=1
Cmd: compileSnippet
  api=0 type=0 insize=1252 outsize=815 kw= ok=1
Cmd: compileSnippet
  api=0 type=1 insize=1252 outsize=6 kw= ok=1
Cmd: preprocess
  insize=3042 outsize=1804 ok=1
Cmd: compileSnippet
  api=0 type=0 insize=7095 outsize=4190 kw=DIRECTIONAL SHADOWS_OFF LIGHTMAP_OFF DIRLIGHTMAP_OFF DYNAMICLIGHTMAP_OFF ok=1
Cmd: compileSnippet
  api=0 type=1 insize=7095 outsize=6 kw=DIRECTIONAL SHADOWS_OFF LIGHTMAP_OFF DIRLIGHTMAP_OFF DYNAMICLIGHTMAP_OFF ok=1
Cmd: compileSnippet
  api=0 type=0 insize=4244 outsize=3509 kw=POINT ok=1
Cmd: compileSnippet
  api=0 type=1 insize=4244 outsize=6 kw=POINT ok=1
Cmd: compileSnippet
  api=0 type=0 insize=6290 outsize=2904 kw=DIRECTIONAL SHADOWS_OFF LIGHTMAP_OFF DIRLIGHTMAP_OFF DYNAMICLIGHTMAP_OFF ok=1
Cmd: compileSnippet
  api=0 type=1 insize=6290 outsize=6 kw=DIRECTIONAL SHADOWS_OFF LIGHTMAP_OFF DIRLIGHTMAP_OFF DYNAMICLIGHTMAP_OFF ok=1
Cmd: compileSnippet
  api=0 type=0 insize=3432 outsize=2200 kw=POINT ok=1
Cmd: compileSnippet
  api=0 type=1 insize=3432 outsize=6 kw=POINT ok=1
Cmd: preprocess
  insize=1784 outsize=847 ok=1
Cmd: compileSnippet
  api=0 type=0 insize=1237 outsize=831 kw= ok=1
Cmd: compileSnippet
  api=0 type=1 insize=1237 outsize=6 kw= ok=1
Cmd: preprocess
  insize=2474 outsize=494 ok=1
Cmd: compileSnippet
  api=0 type=0 insize=2284 outsize=2063 kw= ok=1
Cmd: compileSnippet
  api=0 type=1 insize=2284 outsize=6 kw= ok=1
Cmd: preprocess
  insize=435 outsize=435 ok=1
Cmd: preprocess
  insize=1436 outsize=840 ok=1
Cmd: compileSnippet
  api=0 type=0 insize=898 outsize=416 kw= ok=1
Cmd: compileSnippet
  api=0 type=1 insize=898 outsize=6 kw= ok=1
Cmd: preprocess
  insize=5950 outsize=3432 ok=1
Cmd: compileSnippet
  api=0 type=0 insize=8547 outsize=5177 kw=DIRECTIONAL LIGHTMAP_OFF DIRLIGHTMAP_OFF DYNAMICLIGHTMAP_OFF ok=1
Cmd: compileSnippet
  api=0 type=1 insize=8547 outsize=6 kw=DIRECTIONAL LIGHTMAP_OFF DIRLIGHTMAP_OFF DYNAMICLIGHTMAP_OFF ok=1
Cmd: compileSnippet
  api=0 type=0 insize=5604 outsize=4513 kw=POINT ok=1
Cmd: compileSnippet
  api=0 type=1 insize=5604 outsize=6 kw=POINT ok=1
Cmd: compileSnippet
  api=0 type=0 insize=7472 outsize=4631 kw=DIRECTIONAL LIGHTMAP_OFF DIRLIGHTMAP_OFF DYNAMICLIGHTMAP_OFF ok=1
Cmd: compileSnippet
  api=0 type=1 insize=7472 outsize=6 kw=DIRECTIONAL LIGHTMAP_OFF DIRLIGHTMAP_OFF DYNAMICLIGHTMAP_OFF ok=1
Cmd: compileSnippet
  api=0 type=0 insize=4596 outsize=3970 kw=POINT ok=1
Cmd: compileSnippet
  api=0 type=1 insize=4596 outsize=6 kw=POINT ok=1
Cmd: compileSnippet
  api=0 type=0 insize=5867 outsize=2722 kw=DIRECTIONAL LIGHTMAP_OFF DIRLIGHTMAP_OFF DYNAMICLIGHTMAP_OFF ok=1
Cmd: compileSnippet
  api=0 type=1 insize=5867 outsize=6 kw=DIRECTIONAL LIGHTMAP_OFF DIRLIGHTMAP_OFF DYNAMICLIGHTMAP_OFF ok=1
Cmd: compileSnippet
  api=0 type=0 insize=2849 outsize=2052 kw=POINT ok=1
Cmd: compileSnippet
  api=0 type=1 insize=2849 outsize=6 kw=POINT ok=1
Cmd: preprocess
  insize=1464 outsize=884 ok=1
Cmd: compileSnippet
  api=0 type=0 insize=882 outsize=416 kw= ok=1
Cmd: compileSnippet
  api=0 type=1 insize=882 outsize=6 kw= ok=1
Cmd: preprocess
  insize=2361 outsize=2439 ok=1
Cmd: compileSnippet
  api=0 type=0 insize=7200 outsize=4319 kw=DIRECTIONAL SHADOWS_OFF LIGHTMAP_OFF DIRLIGHTMAP_OFF DYNAMICLIGHTMAP_OFF ok=1
Cmd: compileSnippet
  api=0 type=1 insize=7200 outsize=6 kw=DIRECTIONAL SHADOWS_OFF LIGHTMAP_OFF DIRLIGHTMAP_OFF DYNAMICLIGHTMAP_OFF ok=1
Cmd: compileSnippet
  api=0 type=0 insize=4349 outsize=3610 kw=POINT ok=1
Cmd: compileSnippet
  api=0 type=1 insize=4349 outsize=6 kw=POINT ok=1
Cmd: compileSnippet
  api=0 type=0 insize=5339 outsize=2524 kw=DIRECTIONAL SHADOWS_OFF LIGHTMAP_OFF DIRLIGHTMAP_OFF DYNAMICLIGHTMAP_OFF ok=1
Cmd: compileSnippet
  api=0 type=1 insize=5339 outsize=6 kw=DIRECTIONAL SHADOWS_OFF LIGHTMAP_OFF DIRLIGHTMAP_OFF DYNAMICLIGHTMAP_OFF ok=1
Cmd: compileSnippet
  api=0 type=0 insize=2481 outsize=1809 kw=POINT ok=1
Cmd: compileSnippet
  api=0 type=1 insize=2481 outsize=6 kw=POINT ok=1
Cmd: compileSnippet
  api=0 type=0 insize=1933 outsize=858 kw= ok=1
Cmd: compileSnippet
  api=0 type=1 insize=1933 outsize=6 kw= ok=1
Cmd: compileSnippet
  api=0 type=0 insize=4790 outsize=2609 kw=LIGHTMAP_OFF DIRLIGHTMAP_OFF DYNAMICLIGHTMAP_OFF HDR_LIGHT_PREPASS_OFF ok=1
Cmd: compileSnippet
  api=0 type=1 insize=4790 outsize=6 kw=LIGHTMAP_OFF DIRLIGHTMAP_OFF DYNAMICLIGHTMAP_OFF HDR_LIGHT_PREPASS_OFF ok=1
Cmd: compileSnippet
  api=0 type=0 insize=4759 outsize=3284 kw=LIGHTMAP_OFF DIRLIGHTMAP_OFF DYNAMICLIGHTMAP_OFF HDR_LIGHT_PREPASS_OFF ok=1
Cmd: compileSnippet
  api=0 type=1 insize=4759 outsize=6 kw=LIGHTMAP_OFF DIRLIGHTMAP_OFF DYNAMICLIGHTMAP_OFF HDR_LIGHT_PREPASS_OFF ok=1
Cmd: preprocess
  insize=1232 outsize=482 ok=1
Cmd: compileSnippet
  api=0 type=0 insize=1051 outsize=758 kw= ok=1
Cmd: compileSnippet
  api=0 type=1 insize=1051 outsize=6 kw= ok=1
Cmd: preprocess
  insize=2107 outsize=492 ok=1
Cmd: compileSnippet
  api=0 type=0 insize=1917 outsize=1581 kw= ok=1
Cmd: compileSnippet
  api=0 type=1 insize=1917 outsize=6 kw= ok=1
Cmd: preprocess
  insize=1668 outsize=929 ok=1
Cmd: compileSnippet
  api=0 type=0 insize=1041 outsize=665 kw= ok=1
Cmd: compileSnippet
  api=0 type=1 insize=1041 outsize=6 kw= ok=1
Cmd: compileSnippet
  api=0 type=0 insize=528 outsize=498 kw=SHADOWS_DEPTH ok=1
Cmd: compileSnippet
  api=0 type=1 insize=528 outsize=6 kw=SHADOWS_DEPTH ok=1
Cmd: compileSnippet
  api=0 type=0 insize=5252 outsize=2452 kw=DIRECTIONAL SHADOWS_OFF LIGHTMAP_OFF DIRLIGHTMAP_OFF DYNAMICLIGHTMAP_OFF ok=1
Cmd: compileSnippet
  api=0 type=1 insize=5252 outsize=6 kw=DIRECTIONAL SHADOWS_OFF LIGHTMAP_OFF DIRLIGHTMAP_OFF DYNAMICLIGHTMAP_OFF ok=1
Cmd: compileSnippet
  api=0 type=0 insize=2395 outsize=1442 kw=DIRECTIONAL ok=1
Cmd: compileSnippet
  api=0 type=1 insize=2395 outsize=6 kw=DIRECTIONAL ok=1
Cmd: compileSnippet
  api=0 type=0 insize=4244 outsize=3193 kw=DIRECTIONAL ok=1
Cmd: compileSnippet
  api=0 type=1 insize=4244 outsize=6 kw=DIRECTIONAL ok=1
Cmd: compileSnippet
  api=0 type=0 insize=4349 outsize=3294 kw=DIRECTIONAL ok=1
Cmd: compileSnippet
  api=0 type=1 insize=4349 outsize=6 kw=DIRECTIONAL ok=1
Cmd: compileSnippet
  api=0 type=0 insize=832 outsize=394 kw= ok=1
Cmd: compileSnippet
  api=0 type=1 insize=832 outsize=6 kw= ok=1
Cmd: compileSnippet
  api=0 type=0 insize=564 outsize=498 kw=SHADOWS_DEPTH ok=1
Cmd: compileSnippet
  api=0 type=1 insize=564 outsize=6 kw=SHADOWS_DEPTH ok=1
Cmd: compileSnippet
  api=0 type=0 insize=6042 outsize=3683 kw=DIRECTIONAL SHADOWS_OFF LIGHTMAP_OFF DIRLIGHTMAP_OFF DYNAMICLIGHTMAP_OFF ok=1
Cmd: compileSnippet
  api=0 type=1 insize=6042 outsize=6 kw=DIRECTIONAL SHADOWS_OFF LIGHTMAP_OFF DIRLIGHTMAP_OFF DYNAMICLIGHTMAP_OFF ok=1
Cmd: compileSnippet
  api=0 type=0 insize=5604 outsize=4204 kw=DIRECTIONAL ok=1
Cmd: compileSnippet
  api=0 type=1 insize=5604 outsize=6 kw=DIRECTIONAL ok=1
Cmd: compileSnippet
  api=0 type=0 insize=966 outsize=498 kw=SHADOWS_DEPTH ok=1
Cmd: compileSnippet
  api=0 type=1 insize=966 outsize=6 kw=SHADOWS_DEPTH ok=1
Cmd: compileSnippet
  api=0 type=0 insize=1210 outsize=6712 kw=DIRECTIONAL SHADOWS_OFF LIGHTMAP_OFF DIRLIGHTMAP_OFF DYNAMICLIGHTMAP_OFF ok=1
Cmd: compileSnippet
  api=0 type=1 insize=1210 outsize=6 kw=DIRECTIONAL SHADOWS_OFF LIGHTMAP_OFF DIRLIGHTMAP_OFF DYNAMICLIGHTMAP_OFF ok=1
Cmd: compileSnippet
  api=0 type=0 insize=1122 outsize=4945 kw=DIRECTIONAL SHADOWS_OFF ok=1
Cmd: compileSnippet
  api=0 type=1 insize=1122 outsize=6 kw=DIRECTIONAL SHADOWS_OFF ok=1
